<?xml version="1.0" encoding="UTF-8"?>
<!-- Generated by org.testng.reporters.JUnitReportReporter -->
<testsuite hostname="GVKrishnaiah" failures="0" tests="2" name="Google.Open_Google" time="3.704" errors="0" timestamp="2025-02-24T13:07:39 IST" skipped="0">
  <testcase classname="Google.Open_Google" name="Google" time="0.266"/>
  <testcase classname="Google.Open_Google" name="Gmail" time="3.438"/>
</testsuite> <!-- Google.Open_Google -->
